<?xml version="1.0" encoding="UTF-8"?>
<testng-results ignored="0" total="1" passed="1" failed="0" skipped="0">
  <reporter-output>
  </reporter-output>
  <suite started-at="2023-07-31T11:14:39 IST" name="Default suite" finished-at="2023-07-31T11:15:18 IST" duration-ms="38611">
    <groups>
    </groups>
    <test started-at="2023-07-31T11:14:39 IST" name="Default test" finished-at="2023-07-31T11:15:18 IST" duration-ms="38611">
      <class name="P1.Scriptw">
        <test-method is-config="true" signature="beforemethod()[pri:0, instance:P1.Scriptw@434a63ab]" started-at="2023-07-31T11:14:39 IST" name="beforemethod" finished-at="2023-07-31T11:14:50 IST" duration-ms="10969" status="PASS">
          <reporter-output>
          </reporter-output>
        </test-method> <!-- beforemethod -->
        <test-method signature="testing()[pri:0, instance:P1.Scriptw@434a63ab]" started-at="2023-07-31T11:14:50 IST" name="testing" finished-at="2023-07-31T11:15:18 IST" duration-ms="27566" status="PASS">
          <reporter-output>
          </reporter-output>
        </test-method> <!-- testing -->
      </class> <!-- P1.Scriptw -->
    </test> <!-- Default test -->
  </suite> <!-- Default suite -->
</testng-results>
